[2025-12-20 16:17:16] MAIN - INFO: ROBOT STATUS: Initializing Binance trading system...
[2025-12-20 16:17:16] BINANCE_CLIENT - INFO: BinanceClient instance created and initialized.
[2025-12-20 16:17:16] FUTURES_TRADING_MANAGER - INFO: FuturesTradingManager instance created.
[2025-12-20 16:17:16] CLIENT_MANAGER - INFO: All clients and queues initialized.
[2025-12-20 16:17:16] SETUP_MANAGER - INFO: ROBOT STATUS: Setting up initial trading state...
[2025-12-20 16:17:16] SETUP_MANAGER - INFO: INFO: XRPUSDT symbol information inquiry successful.
[2025-12-20 16:17:16] SETUP_MANAGER - INFO: API: Fetching initial historical kline data...
[2025-12-20 16:17:16] SETUP_MANAGER - INFO: API: Successfully fetched 500 historical data points.
[2025-12-20 16:17:16] SETUP_MANAGER - INFO: POSITION: No open positions found.
[2025-12-20 16:17:16] SETUP_MANAGER - INFO: Attempting to change leverage to 1x...
[2025-12-20 16:17:16] SETUP_MANAGER - INFO: Request to change leverage was sent successfully.
[2025-12-20 16:17:16] SETUP_MANAGER - INFO: Attempting to set futures account position mode to 'Hedge Mode'...
[2025-12-20 16:17:16] BINANCE_CLIENT - WARNING: Non-fatal API error (-4059): No need to change position side.. This is likely a non-fatal race condition or a state already set.
[2025-12-20 16:17:16] SETUP_MANAGER - WARNING: Position mode change request sent, but response was empty or non-successful. It might already be in 'Hedge Mode'.
[2025-12-20 16:17:17] TRADING_ENGINE - INFO: Balance successfully updated. Balance: 0.00 Available balance: 0.00
[2025-12-20 16:17:17] MAIN - INFO: ROBOT STATUS: Binance trading system has been initialized.
[2025-12-20 16:17:17] WEBSOCKET_MANAGER - INFO: Initializing WebSocket streams...
[2025-12-20 16:17:17] WEBSOCKET_MANAGER - INFO: Starting TWM client...
[2025-12-20 16:17:17] WEBSOCKET_MANAGER - INFO: TWM client started.
[2025-12-20 16:17:17] WEBSOCKET_MANAGER - INFO: Starting futures user socket...
[2025-12-20 16:17:17] WEBSOCKET_MANAGER - INFO: Futures user socket started.
[2025-12-20 16:17:17] WEBSOCKET_MANAGER - INFO: Starting multiplex streams: ['xrpusdt@kline_5m', 'xrpusdt@kline_1d']
[2025-12-20 16:17:17] WEBSOCKET_MANAGER - INFO: Multiplex streams started.
