[2026-01-23 17:43:37] SETUP_MANAGER - INFO: Successfully fetched total 1000 candles (Current included).
[2026-01-23 17:43:37] BINANCE_CLIENT - INFO: Margin type is already set to the requested mode.
[2026-01-23 17:43:37] MARKET_DATA - INFO: Balance successfully updated. Balance: 532.20 Available balance: 532.20
[2026-01-23 17:43:38] MARKET_DATA - INFO: ========================================
[2026-01-23 17:43:38] MARKET_DATA - INFO: >>> [BNB FEE SYSTEM STARTUP REPORT] <<<
[2026-01-23 17:43:38] MARKET_DATA - INFO:  [-] Current BNB Balance    : 0.04960201 BNB
[2026-01-23 17:43:38] MARKET_DATA - INFO:  [-] Daily Avg Consumption  : 0.01868055 BNB/day
[2026-01-23 17:43:38] MARKET_DATA - INFO:  [-] Estimated Survival     : 2.66 Days
[2026-01-23 17:43:38] MARKET_DATA - INFO:  [+] Status: HEALTHY - Balance is sufficient.
[2026-01-23 17:43:38] MARKET_DATA - INFO: ========================================
[2026-01-23 17:43:38] WEBSOCKET_MANAGER - INFO: Starting multiplex streams: ['xrpusdt@kline_15m']
[2026-01-23 18:15:01] TRADING_ENGINE - INFO: [LONG SIGNAL] Amount: 111.50 | Stop Loss: 1.9018, Entry: 1.9091, Take Profit: 1.9203
[2026-01-23 18:21:31] SETUP_MANAGER - INFO: Successfully fetched total 1000 candles (Current included).
[2026-01-23 18:21:31] BINANCE_CLIENT - WARNING: Cannot change position mode while there are open orders. Please cancel all orders and try again.
[2026-01-23 18:21:31] MARKET_DATA - INFO: Balance successfully updated. Balance: 532.20 Available balance: 319.32
[2026-01-23 18:21:31] MARKET_DATA - INFO: XRPUSDT [LONG-Position] amount:111.5, entry: 1.9091
[2026-01-23 18:21:31] MARKET_DATA - INFO: [LONG-OPEN-ORDER] Take-Profit price: 1.9203
[2026-01-23 18:21:31] MARKET_DATA - INFO: [LONG-OPEN-ORDER] Stop-Market price: 1.9018
[2026-01-23 18:21:31] MARKET_DATA - INFO: ========================================
[2026-01-23 18:21:31] MARKET_DATA - INFO: >>> [BNB FEE SYSTEM STARTUP REPORT] <<<
[2026-01-23 18:21:31] MARKET_DATA - INFO:  [-] Current BNB Balance    : 0.04949429 BNB
[2026-01-23 18:21:31] MARKET_DATA - INFO:  [-] Daily Avg Consumption  : 0.01869594 BNB/day
[2026-01-23 18:21:31] MARKET_DATA - INFO:  [-] Estimated Survival     : 2.65 Days
[2026-01-23 18:21:31] MARKET_DATA - INFO:  [+] Status: HEALTHY - Balance is sufficient.
[2026-01-23 18:21:31] MARKET_DATA - INFO: ========================================
[2026-01-23 18:21:32] TRADING_ENGINE - INFO: [SYNC] LONG position restored successfully. SL_RAW: 1.9015
[2026-01-23 18:21:32] WEBSOCKET_MANAGER - INFO: Starting multiplex streams: ['xrpusdt@kline_15m']
[2026-01-23 18:35:03] ORDER_MANAGER - INFO: XRPUSDT Long Position Not open, cancel Long Exit Order.
[2026-01-23 19:15:00] TRADING_ENGINE - INFO: [LONG SIGNAL] Amount: 111.20 | Stop Loss: 1.9011, Entry: 1.9102, Take Profit: 1.9230
[2026-01-23 20:00:00] TRADING_ENGINE - INFO: [SHORT SIGNAL] Amount: 111.40 | Stop Loss: 1.9116, Entry: 1.9068, Take Profit: 1.8982
[2026-01-23 20:13:50] ORDER_MANAGER - INFO: XRPUSDT Short Position Not open, cancel Short Exit Order.
[2026-01-23 21:15:00] TRADING_ENGINE - INFO: [SHORT SIGNAL] Amount: 111.10 | Stop Loss: 1.9136, Entry: 1.91, Take Profit: 1.9026
