[2025-07-17 08:26:31] INFO: Start Binance...
[2025-07-17 08:54:14] INFO: Start Binance...
[2025-07-17 09:19:59] INFO: [SYSTEM 1] Change SHORT_LOCK1: LockState.READY_TO_OPEN
[2025-07-17 09:45:00] INFO: [OPEN-LONG 1] SL:3.0538 LockState.AWAITING_SELL_SIGNAL
[2025-07-17 09:45:00] INFO: [ORDER PLACED] BUY LONG Order - ID: 111154043583, QTY: 412.6 on XRPUSDT
[2025-07-17 09:45:00] INFO: [SYSTEM 2] Change SHORT_LOCK2: LockState.READY_TO_OPEN
[2025-07-17 10:03:56] INFO: [CLOSE-LONG 1 SL] SL:3.0538 PNL: -0.7991 AWAITING_SELL_SIGNAL
[2025-07-17 10:03:56] INFO: [ORDER PLACED] SELL LONG Order - ID: 111156640800, QTY: 412.6 on XRPUSDT
[2025-07-17 10:24:59] INFO: [SYSTEM 1] Change LONG_LOCK1: LockState.READY_TO_OPEN
[2025-07-17 10:50:00] INFO: [OPEN-SHORT 1] SL:3.0243 LockState.AWAITING_SELL_SIGNAL
[2025-07-17 10:50:00] INFO: [ORDER PLACED] SELL SHORT Order - ID: 111162440810, QTY: 405.0 on XRPUSDT
[2025-07-17 10:55:00] INFO: [INFO-SHORT 2] Position already open. Change/maintain status to AWAITING_SELL_SIGNAL.
[2025-07-17 11:00:11] INFO: [CLOSE-SHORT 1 SL] SL:3.0243 PNL: -0.985 AWAITING_SELL_SIGNAL
[2025-07-17 11:00:11] INFO: [ORDER PLACED] BUY SHORT Order - ID: 111163966032, QTY: 405.0 on XRPUSDT
[2025-07-17 11:54:59] INFO: [SYSTEM 1] Change SHORT_LOCK1: LockState.READY_TO_OPEN
[2025-07-17 13:25:00] INFO: [OPEN-LONG 1] SL:3.0224 LockState.AWAITING_SELL_SIGNAL
[2025-07-17 13:25:00] INFO: [ORDER PLACED] BUY LONG Order - ID: 111182499867, QTY: 376.2 on XRPUSDT
[2025-07-17 13:25:00] INFO: [SYSTEM 2] Change SHORT_LOCK2: LockState.READY_TO_OPEN
[2025-07-17 14:19:59] INFO: [INFO-LONG 2] Position already open. Change/maintain status to AWAITING_SELL_SIGNAL.
[2025-07-17 16:09:59] INFO: [SYSTEM 1] Change LONG_LOCK1: LockState.READY_TO_OPEN
[2025-07-17 16:09:59] INFO: [CLOSE-LONG 1] SL:3.0224 PNL: 2.607
[2025-07-17 16:09:59] INFO: [ORDER PLACED] SELL LONG Order - ID: 111209817096, QTY: 376.2 on XRPUSDT
[2025-07-17 16:09:59] INFO: [CLOSE-LONG 1] Successful profit realization, Ignore LONG Next Signal: LockState.IGNORE_NEXT_SIGNAL
[2025-07-17 17:19:59] INFO: [SYSTEM 1] Change LONG_LOCK1: LockState.AWAITING_SELL_SIGNAL
